
> nlp-portal@1.0.0 start /home/kderbyma/Git/spacy_ws/portal
> node ./bin/NLPPortal

[0mGET / [36m304 [0m25.803 ms - -[0m
[0mGET /stylesheets/nlpportal.min.css [32m200 [0m25.082 ms - 1307[0m
[0mGET /stylesheets/3rd-party.min.css [32m200 [0m28.823 ms - 61792[0m
[0mGET /javascripts/nlpportal.min.js [32m200 [0m13.135 ms - 9923[0m
[0mGET /javascripts/3rd-party.min.js [32m200 [0m15.662 ms - 130141[0m
[0mGET /fonts/fontawesome-webfont.woff2?v=4.7.0 [33m404 [0m3.534 ms - 2871[0m
[0mGET /fonts/fontawesome-webfont.woff?v=4.7.0 [33m404 [0m1.846 ms - 2871[0m
[0mGET /fonts/fontawesome-webfont.ttf?v=4.7.0 [33m404 [0m1.721 ms - 2871[0m
[ [ 'You can call me any time at 403-123-1234',
    { entities: [ [ 28, 40, 'PHONE' ] ] } ],
  [ 'My name is kyle and I am king.',
    { entities: [ [ 25, 30, 'TITLE' ], [ 11, 15, 'PERSON' ] ] } ] ]
[0mPOST /api/train/redact [32m200 [0m26.739 ms - 17[0m
[ [ 'My name is kyle and I am king.',
    { entities: [ [ 11, 15, 'PERSON' ], [ 29, 11, 'VICTIM' ] ] } ] ]
[ [ 'You can call me any time at 403-123-1234',
    { entities: [ [ 28, 40, 'PHONE' ] ] } ],
  [ 'My name is kyle and I am king.',
    { entities: [ [ 25, 30, 'TITLE' ], [ 11, 15, 'PERSON' ] ] } ] ]
[0mPOST /api/train/report [32m200 [0m20.409 ms - 17[0m
[0mPOST /api/train/redact [32m200 [0m22.217 ms - 17[0m
